--- Pokrećem backup za projekt: IPAM ---
[*] Izvozim bazu 'ipam'...
[*] Pakiram kod i bazu u /home/su/projects/hanz-ipam/backups/ipam_backup_2026-03-18_03-00-01.tar.gz...
[+] Backup uspješan: /home/su/projects/hanz-ipam/backups/ipam_backup_2026-03-18_03-00-01.tar.gz
[*] Provjeravam stare backupe (starije od 7 dana)...
[#] Brišem staru arhivu: ipam_backup_2026-03-02_10-24-34.tar.gz
[#] Brišem staru arhivu: ipam_backup_2026-03-03_11-14-52.tar.gz
[+] Čišćenje završeno.
--- Pokrećem backup za projekt: IPAM ---
[*] Izvozim bazu 'ipam'...
[*] Pakiram kod i bazu u /home/su/projects/hanz-ipam/backups/ipam_backup_2026-03-19_03-00-02.tar.gz...
[+] Backup uspješan: /home/su/projects/hanz-ipam/backups/ipam_backup_2026-03-19_03-00-02.tar.gz
[*] Provjeravam stare backupe (starije od 7 dana)...
[+] Čišćenje završeno.
--- Pokrećem backup za projekt: IPAM ---
[*] Izvozim bazu 'ipam'...
[*] Pakiram kod i bazu u /home/su/projects/hanz-ipam/backups/ipam_backup_2026-03-20_03-00-02.tar.gz...
[+] Backup uspješan: /home/su/projects/hanz-ipam/backups/ipam_backup_2026-03-20_03-00-02.tar.gz
[*] Provjeravam stare backupe (starije od 7 dana)...
[+] Čišćenje završeno.
--- Pokrećem backup za projekt: IPAM ---
[*] Izvozim bazu 'ipam'...
[*] Pakiram kod i bazu u /home/su/projects/hanz-ipam/backups/ipam_backup_2026-03-21_03-00-01.tar.gz...
[+] Backup uspješan: /home/su/projects/hanz-ipam/backups/ipam_backup_2026-03-21_03-00-01.tar.gz
[*] Provjeravam stare backupe (starije od 7 dana)...
[+] Čišćenje završeno.
--- Pokrećem backup za projekt: IPAM ---
[*] Izvozim bazu 'ipam'...
[*] Pakiram kod i bazu u /home/su/projects/hanz-ipam/backups/ipam_backup_2026-03-22_03-00-01.tar.gz...
[+] Backup uspješan: /home/su/projects/hanz-ipam/backups/ipam_backup_2026-03-22_03-00-01.tar.gz
[*] Provjeravam stare backupe (starije od 7 dana)...
[+] Čišćenje završeno.
--- Pokrećem backup za projekt: IPAM ---
[*] Izvozim bazu 'ipam'...
[*] Pakiram kod i bazu u /home/su/projects/hanz-ipam/backups/ipam_backup_2026-03-23_03-00-01.tar.gz...
[+] Backup uspješan: /home/su/projects/hanz-ipam/backups/ipam_backup_2026-03-23_03-00-01.tar.gz
[*] Provjeravam stare backupe (starije od 7 dana)...
[+] Čišćenje završeno.
--- Pokrećem backup za projekt: IPAM ---
[*] Izvozim bazu 'ipam'...
[*] Pakiram kod i bazu u /home/su/projects/hanz-ipam/backups/ipam_backup_2026-03-24_02-00-01.tar.gz...
[+] Backup uspješan: /home/su/projects/hanz-ipam/backups/ipam_backup_2026-03-24_02-00-01.tar.gz
[*] Provjeravam stare backupe (starije od 7 dana)...
[#] Brišem staru arhivu: ipam_backup_2026-03-16_12-34-30.tar.gz
[+] Čišćenje završeno.
--- Pokrećem backup za projekt: IPAM ---
[*] Izvozim bazu 'ipam'...
[*] Pakiram kod i bazu u /home/su/projects/hanz-ipam/backups/ipam_backup_2026-03-25_02-00-01.tar.gz...
[+] Backup uspješan: /home/su/projects/hanz-ipam/backups/ipam_backup_2026-03-25_02-00-01.tar.gz
[*] Provjeravam stare backupe (starije od 7 dana)...
[#] Brišem staru arhivu: ipam_backup_2026-03-17_11-52-51.tar.gz
[#] Brišem staru arhivu: ipam_backup_2026-03-17_13-24-44.tar.gz
[+] Čišćenje završeno.
--- Pokrećem backup za projekt: IPAM ---
[*] Izvozim bazu 'ipam'...
[*] Pakiram kod i bazu u /home/su/projects/hanz-ipam/backups/ipam_backup_2026-03-26_02-00-01.tar.gz...
[+] Backup uspješan: /home/su/projects/hanz-ipam/backups/ipam_backup_2026-03-26_02-00-01.tar.gz
[*] Provjeravam stare backupe (starije od 7 dana)...
[#] Brišem staru arhivu: ipam_backup_2026-03-18_03-00-01.tar.gz
[+] Čišćenje završeno.
--- Pokrećem backup za projekt: IPAM ---
[*] Izvozim bazu 'ipam'...
[*] Pakiram kod i bazu u /home/su/projects/hanz-ipam/backups/ipam_backup_2026-03-27_02-00-02.tar.gz...
[+] Backup uspješan: /home/su/projects/hanz-ipam/backups/ipam_backup_2026-03-27_02-00-02.tar.gz
[*] Provjeravam stare backupe (starije od 7 dana)...
[#] Brišem staru arhivu: ipam_backup_2026-03-19_03-00-02.tar.gz
[+] Čišćenje završeno.
--- Pokrećem backup za projekt: IPAM ---
[*] Izvozim bazu 'ipam'...
[*] Pakiram kod i bazu u /home/su/projects/hanz-ipam/backups/ipam_backup_2026-03-28_02-00-01.tar.gz...
[+] Backup uspješan: /home/su/projects/hanz-ipam/backups/ipam_backup_2026-03-28_02-00-01.tar.gz
[*] Provjeravam stare backupe (starije od 7 dana)...
[#] Brišem staru arhivu: ipam_backup_2026-03-20_03-00-02.tar.gz
[+] Čišćenje završeno.
--- Pokrećem backup za projekt: IPAM ---
[*] Izvozim bazu 'ipam'...
[*] Pakiram kod i bazu u /home/su/projects/hanz-ipam/backups/ipam_backup_2026-03-29_03-00-01.tar.gz...
[+] Backup uspješan: /home/su/projects/hanz-ipam/backups/ipam_backup_2026-03-29_03-00-01.tar.gz
[*] Provjeravam stare backupe (starije od 7 dana)...
[#] Brišem staru arhivu: ipam_backup_2026-03-21_03-00-01.tar.gz
[+] Čišćenje završeno.
--- Pokrećem backup za projekt: IPAM ---
[*] Izvozim bazu 'ipam'...
[*] Pakiram kod i bazu u /home/su/projects/hanz-ipam/backups/ipam_backup_2026-03-30_02-00-02.tar.gz...
[+] Backup uspješan: /home/su/projects/hanz-ipam/backups/ipam_backup_2026-03-30_02-00-02.tar.gz
[*] Provjeravam stare backupe (starije od 7 dana)...
[#] Brišem staru arhivu: ipam_backup_2026-03-22_03-00-01.tar.gz
[+] Čišćenje završeno.
--- Pokrećem backup za projekt: IPAM ---
[*] Izvozim bazu 'ipam'...
[*] Pakiram kod i bazu u /home/su/projects/hanz-ipam/backups/ipam_backup_2026-03-31_02-00-03.tar.gz...
[+] Backup uspješan: /home/su/projects/hanz-ipam/backups/ipam_backup_2026-03-31_02-00-03.tar.gz
[*] Provjeravam stare backupe (starije od 7 dana)...
[#] Brišem staru arhivu: ipam_backup_2026-03-23_03-00-01.tar.gz
[+] Čišćenje završeno.
--- Pokrećem backup za projekt: IPAM ---
[*] Izvozim bazu 'ipam'...
[*] Pakiram kod i bazu u /home/su/projects/hanz-ipam/backups/ipam_backup_2026-04-01_02-00-03.tar.gz...
[+] Backup uspješan: /home/su/projects/hanz-ipam/backups/ipam_backup_2026-04-01_02-00-03.tar.gz
[*] Provjeravam stare backupe (starije od 7 dana)...
[#] Brišem staru arhivu: ipam_backup_2026-03-24_02-00-01.tar.gz
[+] Čišćenje završeno.
--- Pokrećem backup za projekt: IPAM ---
[*] Izvozim bazu 'ipam'...
[*] Pakiram kod i bazu u /home/su/projects/hanz-ipam/backups/ipam_backup_2026-04-02_02-00-02.tar.gz...
[+] Backup uspješan: /home/su/projects/hanz-ipam/backups/ipam_backup_2026-04-02_02-00-02.tar.gz
[*] Provjeravam stare backupe (starije od 7 dana)...
[#] Brišem staru arhivu: ipam_backup_2026-03-25_02-00-01.tar.gz
[+] Čišćenje završeno.
--- Pokrećem backup za projekt: IPAM ---
[*] Izvozim bazu 'ipam'...
[*] Pakiram kod i bazu u /home/su/projects/hanz-ipam/backups/ipam_backup_2026-04-03_02-00-03.tar.gz...
[+] Backup uspješan: /home/su/projects/hanz-ipam/backups/ipam_backup_2026-04-03_02-00-03.tar.gz
[*] Provjeravam stare backupe (starije od 7 dana)...
[#] Brišem staru arhivu: ipam_backup_2026-03-26_02-00-01.tar.gz
[+] Čišćenje završeno.
--- Pokrećem backup za projekt: IPAM ---
[*] Izvozim bazu 'ipam'...
[*] Pakiram kod i bazu u /home/su/projects/hanz-ipam/backups/ipam_backup_2026-04-04_02-00-03.tar.gz...
[+] Backup uspješan: /home/su/projects/hanz-ipam/backups/ipam_backup_2026-04-04_02-00-03.tar.gz
[*] Provjeravam stare backupe (starije od 7 dana)...
[#] Brišem staru arhivu: ipam_backup_2026-03-27_02-00-02.tar.gz
[+] Čišćenje završeno.
--- Pokrećem backup za projekt: IPAM ---
[*] Izvozim bazu 'ipam'...
[*] Pakiram kod i bazu u /home/su/projects/hanz-ipam/backups/ipam_backup_2026-04-05_02-00-03.tar.gz...
[+] Backup uspješan: /home/su/projects/hanz-ipam/backups/ipam_backup_2026-04-05_02-00-03.tar.gz
[*] Provjeravam stare backupe (starije od 7 dana)...
[#] Brišem staru arhivu: ipam_backup_2026-03-28_02-00-01.tar.gz
[+] Čišćenje završeno.
--- Pokrećem backup za projekt: IPAM ---
[*] Izvozim bazu 'ipam'...
[*] Pakiram kod i bazu u /home/su/projects/hanz-ipam/backups/ipam_backup_2026-04-06_02-00-02.tar.gz...
[+] Backup uspješan: /home/su/projects/hanz-ipam/backups/ipam_backup_2026-04-06_02-00-02.tar.gz
[*] Provjeravam stare backupe (starije od 7 dana)...
[#] Brišem staru arhivu: ipam_backup_2026-03-30_02-00-02.tar.gz
[#] Brišem staru arhivu: ipam_backup_2026-03-29_03-00-01.tar.gz
[+] Čišćenje završeno.
--- Pokrećem backup za projekt: IPAM ---
[*] Izvozim bazu 'ipam'...
[*] Pakiram kod i bazu u /home/su/projects/hanz-ipam/backups/ipam_backup_2026-04-07_02-00-03.tar.gz...
[+] Backup uspješan: /home/su/projects/hanz-ipam/backups/ipam_backup_2026-04-07_02-00-03.tar.gz
[*] Provjeravam stare backupe (starije od 7 dana)...
[+] Čišćenje završeno.
